# JRE version: OpenJDK Runtime Environment Temurin-17.0.2+8 (17.0.2+8) (build 17.0.2+8)
# Java VM: OpenJDK 64-Bit Server VM Temurin-17.0.2+8 (17.0.2+8, mixed mode, tiered, compressed oops, compressed class ptrs, g1 gc, linux-amd64)
GC Precious Log:
 CPUs: 4 total, 4 available
 Memory: 3646M
 Large Page Support: Disabled
 NUMA Support: Disabled
 Compressed Oops: Enabled (32-bit)
 Heap Region Size: 1M
 Heap Min Capacity: 8M
 Heap Initial Capacity: 58M
 Heap Max Capacity: 912M
 Pre-touch: Disabled
 Parallel Workers: 4
 Concurrent Workers: 1
 Concurrent Refinement Workers: 4
 Periodic GC: Disabled
Heap:
 garbage-first heap   total 75776K, used 578K [0x00000000c7000000, 0x0000000100000000)
  region size 1024K, 1 young (1024K), 1 survivors (1024K)
 Metaspace       used 4015K, committed 4160K, reserved 1056768K
  class space    used 313K, committed 384K, reserved 1048576K
GC Heap History (20 events):
Event: 11594.627 GC heap after
{Heap after GC invocations=99 (full 0):
 garbage-first heap   total 75776K, used 578K [0x00000000c7000000, 0x0000000100000000)
  region size 1024K, 1 young (1024K), 1 survivors (1024K)
 Metaspace       used 4015K, committed 4160K, reserved 1056768K
  class space    used 313K, committed 384K, reserved 1048576K
}
Event: 11595.025 GC heap before
{Heap before GC invocations=99 (full 0):
 garbage-first heap   total 75776K, used 2626K [0x00000000c7000000, 0x0000000100000000)
  region size 1024K, 3 young (3072K), 1 survivors (1024K)
 Metaspace       used 4015K, committed 4160K, reserved 1056768K
  class space    used 313K, committed 384K, reserved 1048576K
}
Event: 11595.025 GC heap after
{Heap after GC invocations=100 (full 0):
 garbage-first heap   total 75776K, used 578K [0x00000000c7000000, 0x0000000100000000)
  region size 1024K, 1 young (1024K), 1 survivors (1024K)
 Metaspace       used 4015K, committed 4160K, reserved 1056768K
  class space    used 313K, committed 384K, reserved 1048576K
}
Event: 11595.387 GC heap before
{Heap before GC invocations=100 (full 0):
 garbage-first heap   total 75776K, used 2626K [0x00000000c7000000, 0x0000000100000000)
  region size 1024K, 3 young (3072K), 1 survivors (1024K)
 Metaspace       used 4015K, committed 4160K, reserved 1056768K
  class space    used 313K, committed 384K, reserved 1048576K
}
Event: 11595.387 GC heap after
{Heap after GC invocations=101 (full 0):
 garbage-first heap   total 75776K, used 578K [0x00000000c7000000, 0x0000000100000000)
  region size 1024K, 1 young (1024K), 1 survivors (1024K)
 Metaspace       used 4015K, committed 4160K, reserved 1056768K
  class space    used 313K, committed 384K, reserved 1048576K
}
Event: 11595.703 GC heap before
{Heap before GC invocations=101 (full 0):
 garbage-first heap   total 75776K, used 2626K [0x00000000c7000000, 0x0000000100000000)
  region size 1024K, 3 young (3072K), 1 survivors (1024K)
 Metaspace       used 4015K, committed 4160K, reserved 1056768K
  class space    used 313K, committed 384K, reserved 1048576K
}
Event: 11595.703 GC heap after
{Heap after GC invocations=102 (full 0):
 garbage-first heap   total 75776K, used 578K [0x00000000c7000000, 0x0000000100000000)
  region size 1024K, 1 young (1024K), 1 survivors (1024K)
 Metaspace       used 4015K, committed 4160K, reserved 1056768K
  class space    used 313K, committed 384K, reserved 1048576K
}
Event: 11595.981 GC heap before
{Heap before GC invocations=102 (full 0):
 garbage-first heap   total 75776K, used 2626K [0x00000000c7000000, 0x0000000100000000)
  region size 1024K, 3 young (3072K), 1 survivors (1024K)
 Metaspace       used 4015K, committed 4160K, reserved 1056768K
  class space    used 313K, committed 384K, reserved 1048576K
}
Event: 11595.981 GC heap after
{Heap after GC invocations=103 (full 0):
 garbage-first heap   total 75776K, used 576K [0x00000000c7000000, 0x0000000100000000)
  region size 1024K, 0 young (0K), 0 survivors (0K)
 Metaspace       used 4015K, committed 4160K, reserved 1056768K
  class space    used 313K, committed 384K, reserved 1048576K
}
Event: 11596.364 GC heap before
{Heap before GC invocations=103 (full 0):
 garbage-first heap   total 75776K, used 3648K [0x00000000c7000000, 0x0000000100000000)
  region size 1024K, 3 young (3072K), 0 survivors (0K)
 Metaspace       used 4015K, committed 4160K, reserved 1056768K
  class space    used 313K, committed 384K, reserved 1048576K
}
Event: 11596.365 GC heap after
{Heap after GC invocations=104 (full 0):
 garbage-first heap   total 75776K, used 578K [0x00000000c7000000, 0x0000000100000000)
  region size 1024K, 1 young (1024K), 1 survivors (1024K)
 Metaspace       used 4015K, committed 4160K, reserved 1056768K
  class space    used 313K, committed 384K, reserved 1048576K
}
Event: 11597.840 GC heap before
{Heap before GC invocations=104 (full 0):
 garbage-first heap   total 75776K, used 12866K [0x00000000c7000000, 0x0000000100000000)
  region size 1024K, 13 young (13312K), 1 survivors (1024K)
 Metaspace       used 4015K, committed 4160K, reserved 1056768K
  class space    used 313K, committed 384K, reserved 1048576K
}
Event: 11597.840 GC heap after
{Heap after GC invocations=105 (full 0):
 garbage-first heap   total 75776K, used 578K [0x00000000c7000000, 0x0000000100000000)
  region size 1024K, 1 young (1024K), 1 survivors (1024K)
 Metaspace       used 4015K, committed 4160K, reserved 1056768K
  class space    used 313K, committed 384K, reserved 1048576K
}
Event: 11613.003 GC heap before
{Heap before GC invocations=105 (full 0):
 garbage-first heap   total 75776K, used 44610K [0x00000000c7000000, 0x0000000100000000)
  region size 1024K, 44 young (45056K), 1 survivors (1024K)
 Metaspace       used 4015K, committed 4160K, reserved 1056768K
  class space    used 313K, committed 384K, reserved 1048576K
}
Event: 11618.213 GC heap after
{Heap after GC invocations=106 (full 0):
 garbage-first heap   total 75776K, used 580K [0x00000000c7000000, 0x0000000100000000)
  region size 1024K, 1 young (1024K), 1 survivors (1024K)
 Metaspace       used 4015K, committed 4160K, reserved 1056768K
  class space    used 313K, committed 384K, reserved 1048576K
}
Event: 11621.273 GC heap before
{Heap before GC invocations=106 (full 0):
 garbage-first heap   total 75776K, used 2628K [0x00000000c7000000, 0x0000000100000000)
  region size 1024K, 3 young (3072K), 1 survivors (1024K)
 Metaspace       used 4015K, committed 4160K, reserved 1056768K
  class space    used 313K, committed 384K, reserved 1048576K
}
Event: 11621.444 GC heap after
{Heap after GC invocations=107 (full 0):
 garbage-first heap   total 75776K, used 578K [0x00000000c7000000, 0x0000000100000000)
  region size 1024K, 1 young (1024K), 1 survivors (1024K)
 Metaspace       used 4015K, committed 4160K, reserved 1056768K
  class space    used 313K, committed 384K, reserved 1048576K
}
Event: 11621.532 GC heap before
{Heap before GC invocations=107 (full 0):
 garbage-first heap   total 75776K, used 2626K [0x00000000c7000000, 0x0000000100000000)
  region size 1024K, 3 young (3072K), 1 survivors (1024K)
 Metaspace       used 4015K, committed 4160K, reserved 1056768K
  class space    used 313K, committed 384K, reserved 1048576K
}
Event: 11621.533 GC heap after
{Heap after GC invocations=108 (full 0):
 garbage-first heap   total 75776K, used 578K [0x00000000c7000000, 0x0000000100000000)
  region size 1024K, 1 young (1024K), 1 survivors (1024K)
 Metaspace       used 4015K, committed 4160K, reserved 1056768K
  class space    used 313K, committed 384K, reserved 1048576K
}
Event: 11621.591 GC heap before
{Heap before GC invocations=108 (full 0):
 garbage-first heap   total 75776K, used 2626K [0x00000000c7000000, 0x0000000100000000)
  region size 1024K, 3 young (3072K), 1 survivors (1024K)
 Metaspace       used 4015K, committed 4160K, reserved 1056768K
  class space    used 313K, committed 384K, reserved 1048576K
}

