# JRE version: OpenJDK Runtime Environment Temurin-17.0.2+8 (17.0.2+8) (build 17.0.2+8)
# Java VM: OpenJDK 64-Bit Server VM Temurin-17.0.2+8 (17.0.2+8, mixed mode, tiered, compressed oops, compressed class ptrs, g1 gc, linux-amd64)
GC Precious Log:
 CPUs: 4 total, 4 available
 Memory: 3646M
 Large Page Support: Disabled
 NUMA Support: Disabled
 Compressed Oops: Enabled (32-bit)
 Heap Region Size: 1M
 Heap Min Capacity: 8M
 Heap Initial Capacity: 58M
 Heap Max Capacity: 912M
 Pre-touch: Disabled
 Parallel Workers: 4
 Concurrent Workers: 1
 Concurrent Refinement Workers: 4
 Periodic GC: Disabled
Heap:
 garbage-first heap   total 59392K, used 576K [0x00000000c7000000, 0x0000000100000000)
  region size 1024K, 1 young (1024K), 1 survivors (1024K)
 Metaspace       used 3996K, committed 4160K, reserved 1056768K
  class space    used 313K, committed 384K, reserved 1048576K
GC Heap History (20 events):
Event: 10706.718 GC heap after
{Heap after GC invocations=87 (full 0):
 garbage-first heap   total 59392K, used 576K [0x00000000c7000000, 0x0000000100000000)
  region size 1024K, 1 young (1024K), 1 survivors (1024K)
 Metaspace       used 3996K, committed 4160K, reserved 1056768K
  class space    used 313K, committed 384K, reserved 1048576K
}
Event: 10706.846 GC heap before
{Heap before GC invocations=87 (full 0):
 garbage-first heap   total 59392K, used 1600K [0x00000000c7000000, 0x0000000100000000)
  region size 1024K, 2 young (2048K), 1 survivors (1024K)
 Metaspace       used 3996K, committed 4160K, reserved 1056768K
  class space    used 313K, committed 384K, reserved 1048576K
}
Event: 10706.846 GC heap after
{Heap after GC invocations=88 (full 0):
 garbage-first heap   total 59392K, used 576K [0x00000000c7000000, 0x0000000100000000)
  region size 1024K, 1 young (1024K), 1 survivors (1024K)
 Metaspace       used 3996K, committed 4160K, reserved 1056768K
  class space    used 313K, committed 384K, reserved 1048576K
}
Event: 10706.994 GC heap before
{Heap before GC invocations=88 (full 0):
 garbage-first heap   total 59392K, used 1600K [0x00000000c7000000, 0x0000000100000000)
  region size 1024K, 2 young (2048K), 1 survivors (1024K)
 Metaspace       used 3996K, committed 4160K, reserved 1056768K
  class space    used 313K, committed 384K, reserved 1048576K
}
Event: 10706.995 GC heap after
{Heap after GC invocations=89 (full 0):
 garbage-first heap   total 59392K, used 576K [0x00000000c7000000, 0x0000000100000000)
  region size 1024K, 1 young (1024K), 1 survivors (1024K)
 Metaspace       used 3996K, committed 4160K, reserved 1056768K
  class space    used 313K, committed 384K, reserved 1048576K
}
Event: 10707.147 GC heap before
{Heap before GC invocations=89 (full 0):
 garbage-first heap   total 59392K, used 1600K [0x00000000c7000000, 0x0000000100000000)
  region size 1024K, 2 young (2048K), 1 survivors (1024K)
 Metaspace       used 3996K, committed 4160K, reserved 1056768K
  class space    used 313K, committed 384K, reserved 1048576K
}
Event: 10707.147 GC heap after
{Heap after GC invocations=90 (full 0):
 garbage-first heap   total 59392K, used 576K [0x00000000c7000000, 0x0000000100000000)
  region size 1024K, 1 young (1024K), 1 survivors (1024K)
 Metaspace       used 3996K, committed 4160K, reserved 1056768K
  class space    used 313K, committed 384K, reserved 1048576K
}
Event: 10707.292 GC heap before
{Heap before GC invocations=90 (full 0):
 garbage-first heap   total 59392K, used 1600K [0x00000000c7000000, 0x0000000100000000)
  region size 1024K, 2 young (2048K), 1 survivors (1024K)
 Metaspace       used 3996K, committed 4160K, reserved 1056768K
  class space    used 313K, committed 384K, reserved 1048576K
}
Event: 10707.293 GC heap after
{Heap after GC invocations=91 (full 0):
 garbage-first heap   total 59392K, used 576K [0x00000000c7000000, 0x0000000100000000)
  region size 1024K, 1 young (1024K), 1 survivors (1024K)
 Metaspace       used 3996K, committed 4160K, reserved 1056768K
  class space    used 313K, committed 384K, reserved 1048576K
}
Event: 10707.491 GC heap before
{Heap before GC invocations=91 (full 0):
 garbage-first heap   total 59392K, used 1600K [0x00000000c7000000, 0x0000000100000000)
  region size 1024K, 2 young (2048K), 1 survivors (1024K)
 Metaspace       used 3996K, committed 4160K, reserved 1056768K
  class space    used 313K, committed 384K, reserved 1048576K
}
Event: 10707.491 GC heap after
{Heap after GC invocations=92 (full 0):
 garbage-first heap   total 59392K, used 576K [0x00000000c7000000, 0x0000000100000000)
  region size 1024K, 1 young (1024K), 1 survivors (1024K)
 Metaspace       used 3996K, committed 4160K, reserved 1056768K
  class space    used 313K, committed 384K, reserved 1048576K
}
Event: 10708.953 GC heap before
{Heap before GC invocations=92 (full 0):
 garbage-first heap   total 59392K, used 7744K [0x00000000c7000000, 0x0000000100000000)
  region size 1024K, 8 young (8192K), 1 survivors (1024K)
 Metaspace       used 3996K, committed 4160K, reserved 1056768K
  class space    used 313K, committed 384K, reserved 1048576K
}
Event: 10708.954 GC heap after
{Heap after GC invocations=93 (full 0):
 garbage-first heap   total 59392K, used 576K [0x00000000c7000000, 0x0000000100000000)
  region size 1024K, 1 young (1024K), 1 survivors (1024K)
 Metaspace       used 3996K, committed 4160K, reserved 1056768K
  class space    used 313K, committed 384K, reserved 1048576K
}
Event: 10713.178 GC heap before
{Heap before GC invocations=93 (full 0):
 garbage-first heap   total 59392K, used 21056K [0x00000000c7000000, 0x0000000100000000)
  region size 1024K, 21 young (21504K), 1 survivors (1024K)
 Metaspace       used 3996K, committed 4160K, reserved 1056768K
  class space    used 313K, committed 384K, reserved 1048576K
}
Event: 10713.555 GC heap after
{Heap after GC invocations=94 (full 0):
 garbage-first heap   total 59392K, used 576K [0x00000000c7000000, 0x0000000100000000)
  region size 1024K, 1 young (1024K), 1 survivors (1024K)
 Metaspace       used 3996K, committed 4160K, reserved 1056768K
  class space    used 313K, committed 384K, reserved 1048576K
}
Event: 10713.691 GC heap before
{Heap before GC invocations=94 (full 0):
 garbage-first heap   total 59392K, used 1600K [0x00000000c7000000, 0x0000000100000000)
  region size 1024K, 2 young (2048K), 1 survivors (1024K)
 Metaspace       used 3996K, committed 4160K, reserved 1056768K
  class space    used 313K, committed 384K, reserved 1048576K
}
Event: 10713.691 GC heap after
{Heap after GC invocations=95 (full 0):
 garbage-first heap   total 59392K, used 574K [0x00000000c7000000, 0x0000000100000000)
  region size 1024K, 0 young (0K), 0 survivors (0K)
 Metaspace       used 3996K, committed 4160K, reserved 1056768K
  class space    used 313K, committed 384K, reserved 1048576K
}
Event: 10714.129 GC heap before
{Heap before GC invocations=95 (full 0):
 garbage-first heap   total 59392K, used 2622K [0x00000000c7000000, 0x0000000100000000)
  region size 1024K, 2 young (2048K), 0 survivors (0K)
 Metaspace       used 3996K, committed 4160K, reserved 1056768K
  class space    used 313K, committed 384K, reserved 1048576K
}
Event: 10714.129 GC heap after
{Heap after GC invocations=96 (full 0):
 garbage-first heap   total 59392K, used 576K [0x00000000c7000000, 0x0000000100000000)
  region size 1024K, 1 young (1024K), 1 survivors (1024K)
 Metaspace       used 3996K, committed 4160K, reserved 1056768K
  class space    used 313K, committed 384K, reserved 1048576K
}
Event: 10714.509 GC heap before
{Heap before GC invocations=96 (full 0):
 garbage-first heap   total 59392K, used 2624K [0x00000000c7000000, 0x0000000100000000)
  region size 1024K, 3 young (3072K), 1 survivors (1024K)
 Metaspace       used 3996K, committed 4160K, reserved 1056768K
  class space    used 313K, committed 384K, reserved 1048576K
}

