# JRE version: OpenJDK Runtime Environment Temurin-17.0.2+8 (17.0.2+8) (build 17.0.2+8)
# Java VM: OpenJDK 64-Bit Server VM Temurin-17.0.2+8 (17.0.2+8, mixed mode, tiered, compressed oops, compressed class ptrs, g1 gc, linux-amd64)
GC Precious Log:
 CPUs: 4 total, 4 available
 Memory: 3646M
 Large Page Support: Disabled
 NUMA Support: Disabled
 Compressed Oops: Enabled (32-bit)
 Heap Region Size: 1M
 Heap Min Capacity: 8M
 Heap Initial Capacity: 58M
 Heap Max Capacity: 912M
 Pre-touch: Disabled
 Parallel Workers: 4
 Concurrent Workers: 1
 Concurrent Refinement Workers: 4
 Periodic GC: Disabled
Heap:
 garbage-first heap   total 59392K, used 578K [0x00000000c7000000, 0x0000000100000000)
  region size 1024K, 1 young (1024K), 1 survivors (1024K)
 Metaspace       used 4019K, committed 4160K, reserved 1056768K
  class space    used 313K, committed 384K, reserved 1048576K
GC Heap History (20 events):
Event: 8957.404 GC heap after
{Heap after GC invocations=86 (full 0):
 garbage-first heap   total 59392K, used 578K [0x00000000c7000000, 0x0000000100000000)
  region size 1024K, 1 young (1024K), 1 survivors (1024K)
 Metaspace       used 4019K, committed 4160K, reserved 1056768K
  class space    used 313K, committed 384K, reserved 1048576K
}
Event: 8957.575 GC heap before
{Heap before GC invocations=86 (full 0):
 garbage-first heap   total 59392K, used 1602K [0x00000000c7000000, 0x0000000100000000)
  region size 1024K, 2 young (2048K), 1 survivors (1024K)
 Metaspace       used 4019K, committed 4160K, reserved 1056768K
  class space    used 313K, committed 384K, reserved 1048576K
}
Event: 8957.588 GC heap after
{Heap after GC invocations=87 (full 0):
 garbage-first heap   total 59392K, used 578K [0x00000000c7000000, 0x0000000100000000)
  region size 1024K, 1 young (1024K), 1 survivors (1024K)
 Metaspace       used 4019K, committed 4160K, reserved 1056768K
  class space    used 313K, committed 384K, reserved 1048576K
}
Event: 8957.734 GC heap before
{Heap before GC invocations=87 (full 0):
 garbage-first heap   total 59392K, used 1602K [0x00000000c7000000, 0x0000000100000000)
  region size 1024K, 2 young (2048K), 1 survivors (1024K)
 Metaspace       used 4019K, committed 4160K, reserved 1056768K
  class space    used 313K, committed 384K, reserved 1048576K
}
Event: 8957.734 GC heap after
{Heap after GC invocations=88 (full 0):
 garbage-first heap   total 59392K, used 578K [0x00000000c7000000, 0x0000000100000000)
  region size 1024K, 1 young (1024K), 1 survivors (1024K)
 Metaspace       used 4019K, committed 4160K, reserved 1056768K
  class space    used 313K, committed 384K, reserved 1048576K
}
Event: 8958.061 GC heap before
{Heap before GC invocations=88 (full 0):
 garbage-first heap   total 59392K, used 1602K [0x00000000c7000000, 0x0000000100000000)
  region size 1024K, 2 young (2048K), 1 survivors (1024K)
 Metaspace       used 4019K, committed 4160K, reserved 1056768K
  class space    used 313K, committed 384K, reserved 1048576K
}
Event: 8958.063 GC heap after
{Heap after GC invocations=89 (full 0):
 garbage-first heap   total 59392K, used 578K [0x00000000c7000000, 0x0000000100000000)
  region size 1024K, 1 young (1024K), 1 survivors (1024K)
 Metaspace       used 4019K, committed 4160K, reserved 1056768K
  class space    used 313K, committed 384K, reserved 1048576K
}
Event: 8958.243 GC heap before
{Heap before GC invocations=89 (full 0):
 garbage-first heap   total 59392K, used 1602K [0x00000000c7000000, 0x0000000100000000)
  region size 1024K, 2 young (2048K), 1 survivors (1024K)
 Metaspace       used 4019K, committed 4160K, reserved 1056768K
  class space    used 313K, committed 384K, reserved 1048576K
}
Event: 8958.243 GC heap after
{Heap after GC invocations=90 (full 0):
 garbage-first heap   total 59392K, used 578K [0x00000000c7000000, 0x0000000100000000)
  region size 1024K, 1 young (1024K), 1 survivors (1024K)
 Metaspace       used 4019K, committed 4160K, reserved 1056768K
  class space    used 313K, committed 384K, reserved 1048576K
}
Event: 8958.409 GC heap before
{Heap before GC invocations=90 (full 0):
 garbage-first heap   total 59392K, used 1602K [0x00000000c7000000, 0x0000000100000000)
  region size 1024K, 2 young (2048K), 1 survivors (1024K)
 Metaspace       used 4019K, committed 4160K, reserved 1056768K
  class space    used 313K, committed 384K, reserved 1048576K
}
Event: 8958.410 GC heap after
{Heap after GC invocations=91 (full 0):
 garbage-first heap   total 59392K, used 578K [0x00000000c7000000, 0x0000000100000000)
  region size 1024K, 1 young (1024K), 1 survivors (1024K)
 Metaspace       used 4019K, committed 4160K, reserved 1056768K
  class space    used 313K, committed 384K, reserved 1048576K
}
Event: 8958.583 GC heap before
{Heap before GC invocations=91 (full 0):
 garbage-first heap   total 59392K, used 1602K [0x00000000c7000000, 0x0000000100000000)
  region size 1024K, 2 young (2048K), 1 survivors (1024K)
 Metaspace       used 4019K, committed 4160K, reserved 1056768K
  class space    used 313K, committed 384K, reserved 1048576K
}
Event: 8958.584 GC heap after
{Heap after GC invocations=92 (full 0):
 garbage-first heap   total 59392K, used 578K [0x00000000c7000000, 0x0000000100000000)
  region size 1024K, 1 young (1024K), 1 survivors (1024K)
 Metaspace       used 4019K, committed 4160K, reserved 1056768K
  class space    used 313K, committed 384K, reserved 1048576K
}
Event: 8958.685 GC heap before
{Heap before GC invocations=92 (full 0):
 garbage-first heap   total 59392K, used 1602K [0x00000000c7000000, 0x0000000100000000)
  region size 1024K, 2 young (2048K), 1 survivors (1024K)
 Metaspace       used 4019K, committed 4160K, reserved 1056768K
  class space    used 313K, committed 384K, reserved 1048576K
}
Event: 8958.685 GC heap after
{Heap after GC invocations=93 (full 0):
 garbage-first heap   total 59392K, used 578K [0x00000000c7000000, 0x0000000100000000)
  region size 1024K, 1 young (1024K), 1 survivors (1024K)
 Metaspace       used 4019K, committed 4160K, reserved 1056768K
  class space    used 313K, committed 384K, reserved 1048576K
}
Event: 8958.768 GC heap before
{Heap before GC invocations=93 (full 0):
 garbage-first heap   total 59392K, used 1602K [0x00000000c7000000, 0x0000000100000000)
  region size 1024K, 2 young (2048K), 1 survivors (1024K)
 Metaspace       used 4019K, committed 4160K, reserved 1056768K
  class space    used 313K, committed 384K, reserved 1048576K
}
Event: 8958.768 GC heap after
{Heap after GC invocations=94 (full 0):
 garbage-first heap   total 59392K, used 578K [0x00000000c7000000, 0x0000000100000000)
  region size 1024K, 1 young (1024K), 1 survivors (1024K)
 Metaspace       used 4019K, committed 4160K, reserved 1056768K
  class space    used 313K, committed 384K, reserved 1048576K
}
Event: 8958.804 GC heap before
{Heap before GC invocations=94 (full 0):
 garbage-first heap   total 59392K, used 1602K [0x00000000c7000000, 0x0000000100000000)
  region size 1024K, 2 young (2048K), 1 survivors (1024K)
 Metaspace       used 4019K, committed 4160K, reserved 1056768K
  class space    used 313K, committed 384K, reserved 1048576K
}
Event: 8958.805 GC heap after
{Heap after GC invocations=95 (full 0):
 garbage-first heap   total 59392K, used 578K [0x00000000c7000000, 0x0000000100000000)
  region size 1024K, 1 young (1024K), 1 survivors (1024K)
 Metaspace       used 4019K, committed 4160K, reserved 1056768K
  class space    used 313K, committed 384K, reserved 1048576K
}
Event: 8958.835 GC heap before
{Heap before GC invocations=95 (full 0):
 garbage-first heap   total 59392K, used 1602K [0x00000000c7000000, 0x0000000100000000)
  region size 1024K, 2 young (2048K), 1 survivors (1024K)
 Metaspace       used 4019K, committed 4160K, reserved 1056768K
  class space    used 313K, committed 384K, reserved 1048576K
}

