# JRE version: OpenJDK Runtime Environment Temurin-17.0.2+8 (17.0.2+8) (build 17.0.2+8)
# Java VM: OpenJDK 64-Bit Server VM Temurin-17.0.2+8 (17.0.2+8, mixed mode, tiered, compressed oops, compressed class ptrs, g1 gc, linux-amd64)
GC Precious Log:
 CPUs: 4 total, 4 available
 Memory: 3646M
 Large Page Support: Disabled
 NUMA Support: Disabled
 Compressed Oops: Enabled (32-bit)
 Heap Region Size: 1M
 Heap Min Capacity: 8M
 Heap Initial Capacity: 58M
 Heap Max Capacity: 912M
 Pre-touch: Disabled
 Parallel Workers: 4
 Concurrent Workers: 1
 Concurrent Refinement Workers: 4
 Periodic GC: Disabled
Heap:
 garbage-first heap   total 126976K, used 576K [0x00000000c7000000, 0x0000000100000000)
  region size 1024K, 1 young (1024K), 1 survivors (1024K)
 Metaspace       used 4005K, committed 4160K, reserved 1056768K
  class space    used 313K, committed 384K, reserved 1048576K
GC Heap History (20 events):
Event: 9843.822 GC heap after
{Heap after GC invocations=101 (full 0):
 garbage-first heap   total 126976K, used 576K [0x00000000c7000000, 0x0000000100000000)
  region size 1024K, 1 young (1024K), 1 survivors (1024K)
 Metaspace       used 4005K, committed 4160K, reserved 1056768K
  class space    used 313K, committed 384K, reserved 1048576K
}
Event: 9844.865 GC heap before
{Heap before GC invocations=101 (full 0):
 garbage-first heap   total 126976K, used 5696K [0x00000000c7000000, 0x0000000100000000)
  region size 1024K, 6 young (6144K), 1 survivors (1024K)
 Metaspace       used 4005K, committed 4160K, reserved 1056768K
  class space    used 313K, committed 384K, reserved 1048576K
}
Event: 9844.866 GC heap after
{Heap after GC invocations=102 (full 0):
 garbage-first heap   total 126976K, used 576K [0x00000000c7000000, 0x0000000100000000)
  region size 1024K, 1 young (1024K), 1 survivors (1024K)
 Metaspace       used 4005K, committed 4160K, reserved 1056768K
  class space    used 313K, committed 384K, reserved 1048576K
}
Event: 9845.891 GC heap before
{Heap before GC invocations=102 (full 0):
 garbage-first heap   total 126976K, used 5696K [0x00000000c7000000, 0x0000000100000000)
  region size 1024K, 6 young (6144K), 1 survivors (1024K)
 Metaspace       used 4005K, committed 4160K, reserved 1056768K
  class space    used 313K, committed 384K, reserved 1048576K
}
Event: 9845.891 GC heap after
{Heap after GC invocations=103 (full 0):
 garbage-first heap   total 126976K, used 576K [0x00000000c7000000, 0x0000000100000000)
  region size 1024K, 1 young (1024K), 1 survivors (1024K)
 Metaspace       used 4005K, committed 4160K, reserved 1056768K
  class space    used 313K, committed 384K, reserved 1048576K
}
Event: 9846.951 GC heap before
{Heap before GC invocations=103 (full 0):
 garbage-first heap   total 126976K, used 5696K [0x00000000c7000000, 0x0000000100000000)
  region size 1024K, 6 young (6144K), 1 survivors (1024K)
 Metaspace       used 4005K, committed 4160K, reserved 1056768K
  class space    used 313K, committed 384K, reserved 1048576K
}
Event: 9846.952 GC heap after
{Heap after GC invocations=104 (full 0):
 garbage-first heap   total 126976K, used 576K [0x00000000c7000000, 0x0000000100000000)
  region size 1024K, 1 young (1024K), 1 survivors (1024K)
 Metaspace       used 4005K, committed 4160K, reserved 1056768K
  class space    used 313K, committed 384K, reserved 1048576K
}
Event: 9848.039 GC heap before
{Heap before GC invocations=104 (full 0):
 garbage-first heap   total 126976K, used 5696K [0x00000000c7000000, 0x0000000100000000)
  region size 1024K, 6 young (6144K), 1 survivors (1024K)
 Metaspace       used 4005K, committed 4160K, reserved 1056768K
  class space    used 313K, committed 384K, reserved 1048576K
}
Event: 9848.039 GC heap after
{Heap after GC invocations=105 (full 0):
 garbage-first heap   total 126976K, used 576K [0x00000000c7000000, 0x0000000100000000)
  region size 1024K, 1 young (1024K), 1 survivors (1024K)
 Metaspace       used 4005K, committed 4160K, reserved 1056768K
  class space    used 313K, committed 384K, reserved 1048576K
}
Event: 9848.948 GC heap before
{Heap before GC invocations=105 (full 0):
 garbage-first heap   total 126976K, used 5696K [0x00000000c7000000, 0x0000000100000000)
  region size 1024K, 6 young (6144K), 1 survivors (1024K)
 Metaspace       used 4005K, committed 4160K, reserved 1056768K
  class space    used 313K, committed 384K, reserved 1048576K
}
Event: 9859.198 GC heap after
{Heap after GC invocations=106 (full 0):
 garbage-first heap   total 126976K, used 576K [0x00000000c7000000, 0x0000000100000000)
  region size 1024K, 1 young (1024K), 1 survivors (1024K)
 Metaspace       used 4005K, committed 4160K, reserved 1056768K
  class space    used 313K, committed 384K, reserved 1048576K
}
Event: 9869.627 GC heap before
{Heap before GC invocations=106 (full 0):
 garbage-first heap   total 126976K, used 5696K [0x00000000c7000000, 0x0000000100000000)
  region size 1024K, 6 young (6144K), 1 survivors (1024K)
 Metaspace       used 4005K, committed 4160K, reserved 1056768K
  class space    used 313K, committed 384K, reserved 1048576K
}
Event: 9904.147 GC heap after
{Heap after GC invocations=107 (full 0):
 garbage-first heap   total 126976K, used 578K [0x00000000c7000000, 0x0000000100000000)
  region size 1024K, 1 young (1024K), 1 survivors (1024K)
 Metaspace       used 4005K, committed 4160K, reserved 1056768K
  class space    used 313K, committed 384K, reserved 1048576K
}
Event: 9924.676 GC heap before
{Heap before GC invocations=107 (full 0):
 garbage-first heap   total 126976K, used 5698K [0x00000000c7000000, 0x0000000100000000)
  region size 1024K, 6 young (6144K), 1 survivors (1024K)
 Metaspace       used 4005K, committed 4160K, reserved 1056768K
  class space    used 313K, committed 384K, reserved 1048576K
}
Event: 9927.034 GC heap after
{Heap after GC invocations=108 (full 0):
 garbage-first heap   total 126976K, used 578K [0x00000000c7000000, 0x0000000100000000)
  region size 1024K, 1 young (1024K), 1 survivors (1024K)
 Metaspace       used 4005K, committed 4160K, reserved 1056768K
  class space    used 313K, committed 384K, reserved 1048576K
}
Event: 9927.744 GC heap before
{Heap before GC invocations=108 (full 0):
 garbage-first heap   total 126976K, used 5698K [0x00000000c7000000, 0x0000000100000000)
  region size 1024K, 6 young (6144K), 1 survivors (1024K)
 Metaspace       used 4005K, committed 4160K, reserved 1056768K
  class space    used 313K, committed 384K, reserved 1048576K
}
Event: 9927.744 GC heap after
{Heap after GC invocations=109 (full 0):
 garbage-first heap   total 126976K, used 574K [0x00000000c7000000, 0x0000000100000000)
  region size 1024K, 0 young (0K), 0 survivors (0K)
 Metaspace       used 4005K, committed 4160K, reserved 1056768K
  class space    used 313K, committed 384K, reserved 1048576K
}
Event: 9931.842 GC heap before
{Heap before GC invocations=109 (full 0):
 garbage-first heap   total 126976K, used 6718K [0x00000000c7000000, 0x0000000100000000)
  region size 1024K, 6 young (6144K), 0 survivors (0K)
 Metaspace       used 4005K, committed 4160K, reserved 1056768K
  class space    used 313K, committed 384K, reserved 1048576K
}
Event: 9931.931 GC heap after
{Heap after GC invocations=110 (full 0):
 garbage-first heap   total 126976K, used 576K [0x00000000c7000000, 0x0000000100000000)
  region size 1024K, 1 young (1024K), 1 survivors (1024K)
 Metaspace       used 4005K, committed 4160K, reserved 1056768K
  class space    used 313K, committed 384K, reserved 1048576K
}
Event: 9932.298 GC heap before
{Heap before GC invocations=110 (full 0):
 garbage-first heap   total 126976K, used 5696K [0x00000000c7000000, 0x0000000100000000)
  region size 1024K, 6 young (6144K), 1 survivors (1024K)
 Metaspace       used 4005K, committed 4160K, reserved 1056768K
  class space    used 313K, committed 384K, reserved 1048576K
}

