# JRE version: OpenJDK Runtime Environment Temurin-17.0.2+8 (17.0.2+8) (build 17.0.2+8)
# Java VM: OpenJDK 64-Bit Server VM Temurin-17.0.2+8 (17.0.2+8, mixed mode, tiered, compressed oops, compressed class ptrs, g1 gc, linux-amd64)
GC Precious Log:
 CPUs: 4 total, 4 available
 Memory: 3646M
 Large Page Support: Disabled
 NUMA Support: Disabled
 Compressed Oops: Enabled (32-bit)
 Heap Region Size: 1M
 Heap Min Capacity: 8M
 Heap Initial Capacity: 58M
 Heap Max Capacity: 912M
 Pre-touch: Disabled
 Parallel Workers: 4
 Concurrent Workers: 1
 Concurrent Refinement Workers: 4
 Periodic GC: Disabled
Heap:
 garbage-first heap   total 103424K, used 581K [0x00000000c7000000, 0x0000000100000000)
  region size 1024K, 1 young (1024K), 1 survivors (1024K)
 Metaspace       used 4013K, committed 4160K, reserved 1056768K
  class space    used 313K, committed 384K, reserved 1048576K
GC Heap History (20 events):
Event: 6817.278 GC heap after
{Heap after GC invocations=97 (full 0):
 garbage-first heap   total 103424K, used 579K [0x00000000c7000000, 0x0000000100000000)
  region size 1024K, 1 young (1024K), 1 survivors (1024K)
 Metaspace       used 4013K, committed 4160K, reserved 1056768K
  class space    used 313K, committed 384K, reserved 1048576K
}
Event: 6817.992 GC heap before
{Heap before GC invocations=97 (full 0):
 garbage-first heap   total 103424K, used 4675K [0x00000000c7000000, 0x0000000100000000)
  region size 1024K, 5 young (5120K), 1 survivors (1024K)
 Metaspace       used 4013K, committed 4160K, reserved 1056768K
  class space    used 313K, committed 384K, reserved 1048576K
}
Event: 6817.992 GC heap after
{Heap after GC invocations=98 (full 0):
 garbage-first heap   total 103424K, used 577K [0x00000000c7000000, 0x0000000100000000)
  region size 1024K, 0 young (0K), 0 survivors (0K)
 Metaspace       used 4013K, committed 4160K, reserved 1056768K
  class space    used 313K, committed 384K, reserved 1048576K
}
Event: 6819.097 GC heap before
{Heap before GC invocations=98 (full 0):
 garbage-first heap   total 103424K, used 5697K [0x00000000c7000000, 0x0000000100000000)
  region size 1024K, 5 young (5120K), 0 survivors (0K)
 Metaspace       used 4013K, committed 4160K, reserved 1056768K
  class space    used 313K, committed 384K, reserved 1048576K
}
Event: 6819.097 GC heap after
{Heap after GC invocations=99 (full 0):
 garbage-first heap   total 103424K, used 579K [0x00000000c7000000, 0x0000000100000000)
  region size 1024K, 1 young (1024K), 1 survivors (1024K)
 Metaspace       used 4013K, committed 4160K, reserved 1056768K
  class space    used 313K, committed 384K, reserved 1048576K
}
Event: 6819.900 GC heap before
{Heap before GC invocations=99 (full 0):
 garbage-first heap   total 103424K, used 4675K [0x00000000c7000000, 0x0000000100000000)
  region size 1024K, 5 young (5120K), 1 survivors (1024K)
 Metaspace       used 4013K, committed 4160K, reserved 1056768K
  class space    used 313K, committed 384K, reserved 1048576K
}
Event: 6819.900 GC heap after
{Heap after GC invocations=100 (full 0):
 garbage-first heap   total 103424K, used 579K [0x00000000c7000000, 0x0000000100000000)
  region size 1024K, 1 young (1024K), 1 survivors (1024K)
 Metaspace       used 4013K, committed 4160K, reserved 1056768K
  class space    used 313K, committed 384K, reserved 1048576K
}
Event: 6844.549 GC heap before
{Heap before GC invocations=100 (full 0):
 garbage-first heap   total 103424K, used 60995K [0x00000000c7000000, 0x0000000100000000)
  region size 1024K, 60 young (61440K), 1 survivors (1024K)
 Metaspace       used 4013K, committed 4160K, reserved 1056768K
  class space    used 313K, committed 384K, reserved 1048576K
}
Event: 6879.558 GC heap after
{Heap after GC invocations=101 (full 0):
 garbage-first heap   total 103424K, used 581K [0x00000000c7000000, 0x0000000100000000)
  region size 1024K, 1 young (1024K), 1 survivors (1024K)
 Metaspace       used 4013K, committed 4160K, reserved 1056768K
  class space    used 313K, committed 384K, reserved 1048576K
}
Event: 6900.087 GC heap before
{Heap before GC invocations=101 (full 0):
 garbage-first heap   total 103424K, used 4677K [0x00000000c7000000, 0x0000000100000000)
  region size 1024K, 5 young (5120K), 1 survivors (1024K)
 Metaspace       used 4013K, committed 4160K, reserved 1056768K
  class space    used 313K, committed 384K, reserved 1048576K
}
Event: 6902.440 GC heap after
{Heap after GC invocations=102 (full 0):
 garbage-first heap   total 103424K, used 581K [0x00000000c7000000, 0x0000000100000000)
  region size 1024K, 1 young (1024K), 1 survivors (1024K)
 Metaspace       used 4013K, committed 4160K, reserved 1056768K
  class space    used 313K, committed 384K, reserved 1048576K
}
Event: 6902.978 GC heap before
{Heap before GC invocations=102 (full 0):
 garbage-first heap   total 103424K, used 4677K [0x00000000c7000000, 0x0000000100000000)
  region size 1024K, 5 young (5120K), 1 survivors (1024K)
 Metaspace       used 4013K, committed 4160K, reserved 1056768K
  class space    used 313K, committed 384K, reserved 1048576K
}
Event: 6902.979 GC heap after
{Heap after GC invocations=103 (full 0):
 garbage-first heap   total 103424K, used 581K [0x00000000c7000000, 0x0000000100000000)
  region size 1024K, 1 young (1024K), 1 survivors (1024K)
 Metaspace       used 4013K, committed 4160K, reserved 1056768K
  class space    used 313K, committed 384K, reserved 1048576K
}
Event: 6903.641 GC heap before
{Heap before GC invocations=103 (full 0):
 garbage-first heap   total 103424K, used 4677K [0x00000000c7000000, 0x0000000100000000)
  region size 1024K, 5 young (5120K), 1 survivors (1024K)
 Metaspace       used 4013K, committed 4160K, reserved 1056768K
  class space    used 313K, committed 384K, reserved 1048576K
}
Event: 6903.641 GC heap after
{Heap after GC invocations=104 (full 0):
 garbage-first heap   total 103424K, used 579K [0x00000000c7000000, 0x0000000100000000)
  region size 1024K, 1 young (1024K), 1 survivors (1024K)
 Metaspace       used 4013K, committed 4160K, reserved 1056768K
  class space    used 313K, committed 384K, reserved 1048576K
}
Event: 6903.821 GC heap before
{Heap before GC invocations=104 (full 0):
 garbage-first heap   total 103424K, used 4675K [0x00000000c7000000, 0x0000000100000000)
  region size 1024K, 5 young (5120K), 1 survivors (1024K)
 Metaspace       used 4013K, committed 4160K, reserved 1056768K
  class space    used 313K, committed 384K, reserved 1048576K
}
Event: 6903.821 GC heap after
{Heap after GC invocations=105 (full 0):
 garbage-first heap   total 103424K, used 581K [0x00000000c7000000, 0x0000000100000000)
  region size 1024K, 1 young (1024K), 1 survivors (1024K)
 Metaspace       used 4013K, committed 4160K, reserved 1056768K
  class space    used 313K, committed 384K, reserved 1048576K
}
Event: 6903.939 GC heap before
{Heap before GC invocations=105 (full 0):
 garbage-first heap   total 103424K, used 4677K [0x00000000c7000000, 0x0000000100000000)
  region size 1024K, 5 young (5120K), 1 survivors (1024K)
 Metaspace       used 4013K, committed 4160K, reserved 1056768K
  class space    used 313K, committed 384K, reserved 1048576K
}
Event: 6903.939 GC heap after
{Heap after GC invocations=106 (full 0):
 garbage-first heap   total 103424K, used 581K [0x00000000c7000000, 0x0000000100000000)
  region size 1024K, 1 young (1024K), 1 survivors (1024K)
 Metaspace       used 4013K, committed 4160K, reserved 1056768K
  class space    used 313K, committed 384K, reserved 1048576K
}
Event: 6904.008 GC heap before
{Heap before GC invocations=106 (full 0):
 garbage-first heap   total 103424K, used 4677K [0x00000000c7000000, 0x0000000100000000)
  region size 1024K, 5 young (5120K), 1 survivors (1024K)
 Metaspace       used 4013K, committed 4160K, reserved 1056768K
  class space    used 313K, committed 384K, reserved 1048576K
}

