# JRE version: OpenJDK Runtime Environment Temurin-17.0.2+8 (17.0.2+8) (build 17.0.2+8)
# Java VM: OpenJDK 64-Bit Server VM Temurin-17.0.2+8 (17.0.2+8, mixed mode, tiered, compressed oops, compressed class ptrs, g1 gc, linux-amd64)
GC Precious Log:
 CPUs: 4 total, 4 available
 Memory: 3646M
 Large Page Support: Disabled
 NUMA Support: Disabled
 Compressed Oops: Enabled (32-bit)
 Heap Region Size: 1M
 Heap Min Capacity: 8M
 Heap Initial Capacity: 58M
 Heap Max Capacity: 912M
 Pre-touch: Disabled
 Parallel Workers: 4
 Concurrent Workers: 1
 Concurrent Refinement Workers: 4
 Periodic GC: Disabled
Heap:
 garbage-first heap   total 118784K, used 525K [0x00000000c7000000, 0x0000000100000000)
  region size 1024K, 1 young (1024K), 1 survivors (1024K)
 Metaspace       used 3921K, committed 4096K, reserved 1056768K
  class space    used 305K, committed 384K, reserved 1048576K
GC Heap History (20 events):
Event: 8716.559 GC heap after
{Heap after GC invocations=103 (full 0):
 garbage-first heap   total 118784K, used 525K [0x00000000c7000000, 0x0000000100000000)
  region size 1024K, 1 young (1024K), 1 survivors (1024K)
 Metaspace       used 3921K, committed 4096K, reserved 1056768K
  class space    used 305K, committed 384K, reserved 1048576K
}
Event: 8717.366 GC heap before
{Heap before GC invocations=103 (full 0):
 garbage-first heap   total 118784K, used 4621K [0x00000000c7000000, 0x0000000100000000)
  region size 1024K, 5 young (5120K), 1 survivors (1024K)
 Metaspace       used 3921K, committed 4096K, reserved 1056768K
  class space    used 305K, committed 384K, reserved 1048576K
}
Event: 8717.366 GC heap after
{Heap after GC invocations=104 (full 0):
 garbage-first heap   total 118784K, used 525K [0x00000000c7000000, 0x0000000100000000)
  region size 1024K, 1 young (1024K), 1 survivors (1024K)
 Metaspace       used 3921K, committed 4096K, reserved 1056768K
  class space    used 305K, committed 384K, reserved 1048576K
}
Event: 8718.160 GC heap before
{Heap before GC invocations=104 (full 0):
 garbage-first heap   total 118784K, used 4621K [0x00000000c7000000, 0x0000000100000000)
  region size 1024K, 5 young (5120K), 1 survivors (1024K)
 Metaspace       used 3921K, committed 4096K, reserved 1056768K
  class space    used 305K, committed 384K, reserved 1048576K
}
Event: 8718.161 GC heap after
{Heap after GC invocations=105 (full 0):
 garbage-first heap   total 118784K, used 525K [0x00000000c7000000, 0x0000000100000000)
  region size 1024K, 1 young (1024K), 1 survivors (1024K)
 Metaspace       used 3921K, committed 4096K, reserved 1056768K
  class space    used 305K, committed 384K, reserved 1048576K
}
Event: 8722.423 GC heap before
{Heap before GC invocations=105 (full 0):
 garbage-first heap   total 118784K, used 21005K [0x00000000c7000000, 0x0000000100000000)
  region size 1024K, 21 young (21504K), 1 survivors (1024K)
 Metaspace       used 3921K, committed 4096K, reserved 1056768K
  class space    used 305K, committed 384K, reserved 1048576K
}
Event: 8722.423 GC heap after
{Heap after GC invocations=106 (full 0):
 garbage-first heap   total 118784K, used 525K [0x00000000c7000000, 0x0000000100000000)
  region size 1024K, 1 young (1024K), 1 survivors (1024K)
 Metaspace       used 3921K, committed 4096K, reserved 1056768K
  class space    used 305K, committed 384K, reserved 1048576K
}
Event: 8745.572 GC heap before
{Heap before GC invocations=106 (full 0):
 garbage-first heap   total 118784K, used 70157K [0x00000000c7000000, 0x0000000100000000)
  region size 1024K, 69 young (70656K), 1 survivors (1024K)
 Metaspace       used 3921K, committed 4096K, reserved 1056768K
  class space    used 305K, committed 384K, reserved 1048576K
}
Event: 8778.697 GC heap after
{Heap after GC invocations=107 (full 0):
 garbage-first heap   total 118784K, used 527K [0x00000000c7000000, 0x0000000100000000)
  region size 1024K, 1 young (1024K), 1 survivors (1024K)
 Metaspace       used 3921K, committed 4096K, reserved 1056768K
  class space    used 305K, committed 384K, reserved 1048576K
}
Event: 8799.226 GC heap before
{Heap before GC invocations=107 (full 0):
 garbage-first heap   total 118784K, used 4623K [0x00000000c7000000, 0x0000000100000000)
  region size 1024K, 5 young (5120K), 1 survivors (1024K)
 Metaspace       used 3921K, committed 4096K, reserved 1056768K
  class space    used 305K, committed 384K, reserved 1048576K
}
Event: 8801.591 GC heap after
{Heap after GC invocations=108 (full 0):
 garbage-first heap   total 118784K, used 527K [0x00000000c7000000, 0x0000000100000000)
  region size 1024K, 1 young (1024K), 1 survivors (1024K)
 Metaspace       used 3921K, committed 4096K, reserved 1056768K
  class space    used 305K, committed 384K, reserved 1048576K
}
Event: 8802.168 GC heap before
{Heap before GC invocations=108 (full 0):
 garbage-first heap   total 118784K, used 4623K [0x00000000c7000000, 0x0000000100000000)
  region size 1024K, 5 young (5120K), 1 survivors (1024K)
 Metaspace       used 3921K, committed 4096K, reserved 1056768K
  class space    used 305K, committed 384K, reserved 1048576K
}
Event: 8802.168 GC heap after
{Heap after GC invocations=109 (full 0):
 garbage-first heap   total 118784K, used 525K [0x00000000c7000000, 0x0000000100000000)
  region size 1024K, 1 young (1024K), 1 survivors (1024K)
 Metaspace       used 3921K, committed 4096K, reserved 1056768K
  class space    used 305K, committed 384K, reserved 1048576K
}
Event: 8802.781 GC heap before
{Heap before GC invocations=109 (full 0):
 garbage-first heap   total 118784K, used 4621K [0x00000000c7000000, 0x0000000100000000)
  region size 1024K, 5 young (5120K), 1 survivors (1024K)
 Metaspace       used 3921K, committed 4096K, reserved 1056768K
  class space    used 305K, committed 384K, reserved 1048576K
}
Event: 8802.781 GC heap after
{Heap after GC invocations=110 (full 0):
 garbage-first heap   total 118784K, used 525K [0x00000000c7000000, 0x0000000100000000)
  region size 1024K, 1 young (1024K), 1 survivors (1024K)
 Metaspace       used 3921K, committed 4096K, reserved 1056768K
  class space    used 305K, committed 384K, reserved 1048576K
}
Event: 8802.943 GC heap before
{Heap before GC invocations=110 (full 0):
 garbage-first heap   total 118784K, used 4621K [0x00000000c7000000, 0x0000000100000000)
  region size 1024K, 5 young (5120K), 1 survivors (1024K)
 Metaspace       used 3921K, committed 4096K, reserved 1056768K
  class space    used 305K, committed 384K, reserved 1048576K
}
Event: 8802.943 GC heap after
{Heap after GC invocations=111 (full 0):
 garbage-first heap   total 118784K, used 525K [0x00000000c7000000, 0x0000000100000000)
  region size 1024K, 1 young (1024K), 1 survivors (1024K)
 Metaspace       used 3921K, committed 4096K, reserved 1056768K
  class space    used 305K, committed 384K, reserved 1048576K
}
Event: 8803.054 GC heap before
{Heap before GC invocations=111 (full 0):
 garbage-first heap   total 118784K, used 4621K [0x00000000c7000000, 0x0000000100000000)
  region size 1024K, 5 young (5120K), 1 survivors (1024K)
 Metaspace       used 3921K, committed 4096K, reserved 1056768K
  class space    used 305K, committed 384K, reserved 1048576K
}
Event: 8803.054 GC heap after
{Heap after GC invocations=112 (full 0):
 garbage-first heap   total 118784K, used 525K [0x00000000c7000000, 0x0000000100000000)
  region size 1024K, 1 young (1024K), 1 survivors (1024K)
 Metaspace       used 3921K, committed 4096K, reserved 1056768K
  class space    used 305K, committed 384K, reserved 1048576K
}
Event: 8803.127 GC heap before
{Heap before GC invocations=112 (full 0):
 garbage-first heap   total 118784K, used 4621K [0x00000000c7000000, 0x0000000100000000)
  region size 1024K, 5 young (5120K), 1 survivors (1024K)
 Metaspace       used 3921K, committed 4096K, reserved 1056768K
  class space    used 305K, committed 384K, reserved 1048576K
}

