# JRE version: OpenJDK Runtime Environment Temurin-17.0.2+8 (17.0.2+8) (build 17.0.2+8)
# Java VM: OpenJDK 64-Bit Server VM Temurin-17.0.2+8 (17.0.2+8, mixed mode, tiered, compressed oops, compressed class ptrs, g1 gc, linux-amd64)
GC Precious Log:
 CPUs: 4 total, 4 available
 Memory: 3646M
 Large Page Support: Disabled
 NUMA Support: Disabled
 Compressed Oops: Enabled (32-bit)
 Heap Region Size: 1M
 Heap Min Capacity: 8M
 Heap Initial Capacity: 58M
 Heap Max Capacity: 912M
 Pre-touch: Disabled
 Parallel Workers: 4
 Concurrent Workers: 1
 Concurrent Refinement Workers: 4
 Periodic GC: Disabled
Heap:
 garbage-first heap   total 99328K, used 579K [0x00000000c7000000, 0x0000000100000000)
  region size 1024K, 1 young (1024K), 1 survivors (1024K)
 Metaspace       used 4002K, committed 4160K, reserved 1056768K
  class space    used 313K, committed 384K, reserved 1048576K
GC Heap History (20 events):
Event: 8023.265 GC heap after
{Heap after GC invocations=93 (full 0):
 garbage-first heap   total 99328K, used 577K [0x00000000c7000000, 0x0000000100000000)
  region size 1024K, 1 young (1024K), 1 survivors (1024K)
 Metaspace       used 4002K, committed 4160K, reserved 1056768K
  class space    used 313K, committed 384K, reserved 1048576K
}
Event: 8023.451 GC heap before
{Heap before GC invocations=93 (full 0):
 garbage-first heap   total 99328K, used 3649K [0x00000000c7000000, 0x0000000100000000)
  region size 1024K, 4 young (4096K), 1 survivors (1024K)
 Metaspace       used 4002K, committed 4160K, reserved 1056768K
  class space    used 313K, committed 384K, reserved 1048576K
}
Event: 8023.452 GC heap after
{Heap after GC invocations=94 (full 0):
 garbage-first heap   total 99328K, used 577K [0x00000000c7000000, 0x0000000100000000)
  region size 1024K, 1 young (1024K), 1 survivors (1024K)
 Metaspace       used 4002K, committed 4160K, reserved 1056768K
  class space    used 313K, committed 384K, reserved 1048576K
}
Event: 8023.634 GC heap before
{Heap before GC invocations=94 (full 0):
 garbage-first heap   total 99328K, used 3649K [0x00000000c7000000, 0x0000000100000000)
  region size 1024K, 4 young (4096K), 1 survivors (1024K)
 Metaspace       used 4002K, committed 4160K, reserved 1056768K
  class space    used 313K, committed 384K, reserved 1048576K
}
Event: 8023.634 GC heap after
{Heap after GC invocations=95 (full 0):
 garbage-first heap   total 99328K, used 577K [0x00000000c7000000, 0x0000000100000000)
  region size 1024K, 1 young (1024K), 1 survivors (1024K)
 Metaspace       used 4002K, committed 4160K, reserved 1056768K
  class space    used 313K, committed 384K, reserved 1048576K
}
Event: 8061.198 GC heap before
{Heap before GC invocations=95 (full 0):
 garbage-first heap   total 99328K, used 58945K [0x00000000c7000000, 0x0000000100000000)
  region size 1024K, 58 young (59392K), 1 survivors (1024K)
 Metaspace       used 4002K, committed 4160K, reserved 1056768K
  class space    used 313K, committed 384K, reserved 1048576K
}
Event: 8061.199 GC heap after
{Heap after GC invocations=96 (full 0):
 garbage-first heap   total 99328K, used 577K [0x00000000c7000000, 0x0000000100000000)
  region size 1024K, 1 young (1024K), 1 survivors (1024K)
 Metaspace       used 4002K, committed 4160K, reserved 1056768K
  class space    used 313K, committed 384K, reserved 1048576K
}
Event: 8087.161 GC heap before
{Heap before GC invocations=96 (full 0):
 garbage-first heap   total 99328K, used 58945K [0x00000000c7000000, 0x0000000100000000)
  region size 1024K, 58 young (59392K), 1 survivors (1024K)
 Metaspace       used 4002K, committed 4160K, reserved 1056768K
  class space    used 313K, committed 384K, reserved 1048576K
}
Event: 8121.027 GC heap after
{Heap after GC invocations=97 (full 0):
 garbage-first heap   total 99328K, used 577K [0x00000000c7000000, 0x0000000100000000)
  region size 1024K, 1 young (1024K), 1 survivors (1024K)
 Metaspace       used 4002K, committed 4160K, reserved 1056768K
  class space    used 313K, committed 384K, reserved 1048576K
}
Event: 8141.556 GC heap before
{Heap before GC invocations=97 (full 0):
 garbage-first heap   total 99328K, used 3649K [0x00000000c7000000, 0x0000000100000000)
  region size 1024K, 4 young (4096K), 1 survivors (1024K)
 Metaspace       used 4002K, committed 4160K, reserved 1056768K
  class space    used 313K, committed 384K, reserved 1048576K
}
Event: 8143.909 GC heap after
{Heap after GC invocations=98 (full 0):
 garbage-first heap   total 99328K, used 579K [0x00000000c7000000, 0x0000000100000000)
  region size 1024K, 1 young (1024K), 1 survivors (1024K)
 Metaspace       used 4002K, committed 4160K, reserved 1056768K
  class space    used 313K, committed 384K, reserved 1048576K
}
Event: 8144.355 GC heap before
{Heap before GC invocations=98 (full 0):
 garbage-first heap   total 99328K, used 3651K [0x00000000c7000000, 0x0000000100000000)
  region size 1024K, 4 young (4096K), 1 survivors (1024K)
 Metaspace       used 4002K, committed 4160K, reserved 1056768K
  class space    used 313K, committed 384K, reserved 1048576K
}
Event: 8144.355 GC heap after
{Heap after GC invocations=99 (full 0):
 garbage-first heap   total 99328K, used 579K [0x00000000c7000000, 0x0000000100000000)
  region size 1024K, 1 young (1024K), 1 survivors (1024K)
 Metaspace       used 4002K, committed 4160K, reserved 1056768K
  class space    used 313K, committed 384K, reserved 1048576K
}
Event: 8144.814 GC heap before
{Heap before GC invocations=99 (full 0):
 garbage-first heap   total 99328K, used 3651K [0x00000000c7000000, 0x0000000100000000)
  region size 1024K, 4 young (4096K), 1 survivors (1024K)
 Metaspace       used 4002K, committed 4160K, reserved 1056768K
  class space    used 313K, committed 384K, reserved 1048576K
}
Event: 8144.815 GC heap after
{Heap after GC invocations=100 (full 0):
 garbage-first heap   total 99328K, used 577K [0x00000000c7000000, 0x0000000100000000)
  region size 1024K, 1 young (1024K), 1 survivors (1024K)
 Metaspace       used 4002K, committed 4160K, reserved 1056768K
  class space    used 313K, committed 384K, reserved 1048576K
}
Event: 8145.201 GC heap before
{Heap before GC invocations=100 (full 0):
 garbage-first heap   total 99328K, used 3649K [0x00000000c7000000, 0x0000000100000000)
  region size 1024K, 4 young (4096K), 1 survivors (1024K)
 Metaspace       used 4002K, committed 4160K, reserved 1056768K
  class space    used 313K, committed 384K, reserved 1048576K
}
Event: 8145.201 GC heap after
{Heap after GC invocations=101 (full 0):
 garbage-first heap   total 99328K, used 577K [0x00000000c7000000, 0x0000000100000000)
  region size 1024K, 1 young (1024K), 1 survivors (1024K)
 Metaspace       used 4002K, committed 4160K, reserved 1056768K
  class space    used 313K, committed 384K, reserved 1048576K
}
Event: 8145.315 GC heap before
{Heap before GC invocations=101 (full 0):
 garbage-first heap   total 99328K, used 3649K [0x00000000c7000000, 0x0000000100000000)
  region size 1024K, 4 young (4096K), 1 survivors (1024K)
 Metaspace       used 4002K, committed 4160K, reserved 1056768K
  class space    used 313K, committed 384K, reserved 1048576K
}
Event: 8145.316 GC heap after
{Heap after GC invocations=102 (full 0):
 garbage-first heap   total 99328K, used 577K [0x00000000c7000000, 0x0000000100000000)
  region size 1024K, 1 young (1024K), 1 survivors (1024K)
 Metaspace       used 4002K, committed 4160K, reserved 1056768K
  class space    used 313K, committed 384K, reserved 1048576K
}
Event: 8145.380 GC heap before
{Heap before GC invocations=102 (full 0):
 garbage-first heap   total 99328K, used 3649K [0x00000000c7000000, 0x0000000100000000)
  region size 1024K, 4 young (4096K), 1 survivors (1024K)
 Metaspace       used 4002K, committed 4160K, reserved 1056768K
  class space    used 313K, committed 384K, reserved 1048576K
}

