# JRE version: OpenJDK Runtime Environment Temurin-17.0.2+8 (17.0.2+8) (build 17.0.2+8)
# Java VM: OpenJDK 64-Bit Server VM Temurin-17.0.2+8 (17.0.2+8, mixed mode, tiered, compressed oops, compressed class ptrs, g1 gc, linux-amd64)
GC Precious Log:
 CPUs: 4 total, 4 available
 Memory: 3646M
 Large Page Support: Disabled
 NUMA Support: Disabled
 Compressed Oops: Enabled (32-bit)
 Heap Region Size: 1M
 Heap Min Capacity: 8M
 Heap Initial Capacity: 58M
 Heap Max Capacity: 912M
 Pre-touch: Disabled
 Parallel Workers: 4
 Concurrent Workers: 1
 Concurrent Refinement Workers: 4
 Periodic GC: Disabled
Heap:
 garbage-first heap   total 71680K, used 531K [0x00000000c7000000, 0x0000000100000000)
  region size 1024K, 1 young (1024K), 1 survivors (1024K)
 Metaspace       used 3932K, committed 4096K, reserved 1056768K
  class space    used 305K, committed 384K, reserved 1048576K
GC Heap History (20 events):
Event: 11728.419 GC heap after
{Heap after GC invocations=92 (full 0):
 garbage-first heap   total 71680K, used 531K [0x00000000c7000000, 0x0000000100000000)
  region size 1024K, 1 young (1024K), 1 survivors (1024K)
 Metaspace       used 3932K, committed 4096K, reserved 1056768K
  class space    used 305K, committed 384K, reserved 1048576K
}
Event: 11728.728 GC heap before
{Heap before GC invocations=92 (full 0):
 garbage-first heap   total 71680K, used 2579K [0x00000000c7000000, 0x0000000100000000)
  region size 1024K, 3 young (3072K), 1 survivors (1024K)
 Metaspace       used 3932K, committed 4096K, reserved 1056768K
  class space    used 305K, committed 384K, reserved 1048576K
}
Event: 11728.729 GC heap after
{Heap after GC invocations=93 (full 0):
 garbage-first heap   total 71680K, used 531K [0x00000000c7000000, 0x0000000100000000)
  region size 1024K, 1 young (1024K), 1 survivors (1024K)
 Metaspace       used 3932K, committed 4096K, reserved 1056768K
  class space    used 305K, committed 384K, reserved 1048576K
}
Event: 11729.095 GC heap before
{Heap before GC invocations=93 (full 0):
 garbage-first heap   total 71680K, used 2579K [0x00000000c7000000, 0x0000000100000000)
  region size 1024K, 3 young (3072K), 1 survivors (1024K)
 Metaspace       used 3932K, committed 4096K, reserved 1056768K
  class space    used 305K, committed 384K, reserved 1048576K
}
Event: 11729.096 GC heap after
{Heap after GC invocations=94 (full 0):
 garbage-first heap   total 71680K, used 531K [0x00000000c7000000, 0x0000000100000000)
  region size 1024K, 1 young (1024K), 1 survivors (1024K)
 Metaspace       used 3932K, committed 4096K, reserved 1056768K
  class space    used 305K, committed 384K, reserved 1048576K
}
Event: 11729.518 GC heap before
{Heap before GC invocations=94 (full 0):
 garbage-first heap   total 71680K, used 2579K [0x00000000c7000000, 0x0000000100000000)
  region size 1024K, 3 young (3072K), 1 survivors (1024K)
 Metaspace       used 3932K, committed 4096K, reserved 1056768K
  class space    used 305K, committed 384K, reserved 1048576K
}
Event: 11729.518 GC heap after
{Heap after GC invocations=95 (full 0):
 garbage-first heap   total 71680K, used 531K [0x00000000c7000000, 0x0000000100000000)
  region size 1024K, 1 young (1024K), 1 survivors (1024K)
 Metaspace       used 3932K, committed 4096K, reserved 1056768K
  class space    used 305K, committed 384K, reserved 1048576K
}
Event: 11729.940 GC heap before
{Heap before GC invocations=95 (full 0):
 garbage-first heap   total 71680K, used 2579K [0x00000000c7000000, 0x0000000100000000)
  region size 1024K, 3 young (3072K), 1 survivors (1024K)
 Metaspace       used 3932K, committed 4096K, reserved 1056768K
  class space    used 305K, committed 384K, reserved 1048576K
}
Event: 11729.941 GC heap after
{Heap after GC invocations=96 (full 0):
 garbage-first heap   total 71680K, used 531K [0x00000000c7000000, 0x0000000100000000)
  region size 1024K, 1 young (1024K), 1 survivors (1024K)
 Metaspace       used 3932K, committed 4096K, reserved 1056768K
  class space    used 305K, committed 384K, reserved 1048576K
}
Event: 11730.368 GC heap before
{Heap before GC invocations=96 (full 0):
 garbage-first heap   total 71680K, used 2579K [0x00000000c7000000, 0x0000000100000000)
  region size 1024K, 3 young (3072K), 1 survivors (1024K)
 Metaspace       used 3932K, committed 4096K, reserved 1056768K
  class space    used 305K, committed 384K, reserved 1048576K
}
Event: 11730.368 GC heap after
{Heap after GC invocations=97 (full 0):
 garbage-first heap   total 71680K, used 531K [0x00000000c7000000, 0x0000000100000000)
  region size 1024K, 1 young (1024K), 1 survivors (1024K)
 Metaspace       used 3932K, committed 4096K, reserved 1056768K
  class space    used 305K, committed 384K, reserved 1048576K
}
Event: 11730.730 GC heap before
{Heap before GC invocations=97 (full 0):
 garbage-first heap   total 71680K, used 2579K [0x00000000c7000000, 0x0000000100000000)
  region size 1024K, 3 young (3072K), 1 survivors (1024K)
 Metaspace       used 3932K, committed 4096K, reserved 1056768K
  class space    used 305K, committed 384K, reserved 1048576K
}
Event: 11730.731 GC heap after
{Heap after GC invocations=98 (full 0):
 garbage-first heap   total 71680K, used 531K [0x00000000c7000000, 0x0000000100000000)
  region size 1024K, 1 young (1024K), 1 survivors (1024K)
 Metaspace       used 3932K, committed 4096K, reserved 1056768K
  class space    used 305K, committed 384K, reserved 1048576K
}
Event: 11731.576 GC heap before
{Heap before GC invocations=98 (full 0):
 garbage-first heap   total 71680K, used 4627K [0x00000000c7000000, 0x0000000100000000)
  region size 1024K, 5 young (5120K), 1 survivors (1024K)
 Metaspace       used 3932K, committed 4096K, reserved 1056768K
  class space    used 305K, committed 384K, reserved 1048576K
}
Event: 11731.576 GC heap after
{Heap after GC invocations=99 (full 0):
 garbage-first heap   total 71680K, used 531K [0x00000000c7000000, 0x0000000100000000)
  region size 1024K, 1 young (1024K), 1 survivors (1024K)
 Metaspace       used 3932K, committed 4096K, reserved 1056768K
  class space    used 305K, committed 384K, reserved 1048576K
}
Event: 11735.396 GC heap before
{Heap before GC invocations=99 (full 0):
 garbage-first heap   total 71680K, used 18963K [0x00000000c7000000, 0x0000000100000000)
  region size 1024K, 19 young (19456K), 1 survivors (1024K)
 Metaspace       used 3932K, committed 4096K, reserved 1056768K
  class space    used 305K, committed 384K, reserved 1048576K
}
Event: 11735.397 GC heap after
{Heap after GC invocations=100 (full 0):
 garbage-first heap   total 71680K, used 531K [0x00000000c7000000, 0x0000000100000000)
  region size 1024K, 1 young (1024K), 1 survivors (1024K)
 Metaspace       used 3932K, committed 4096K, reserved 1056768K
  class space    used 305K, committed 384K, reserved 1048576K
}
Event: 11757.394 GC heap before
{Heap before GC invocations=100 (full 0):
 garbage-first heap   total 71680K, used 36371K [0x00000000c7000000, 0x0000000100000000)
  region size 1024K, 36 young (36864K), 1 survivors (1024K)
 Metaspace       used 3932K, committed 4096K, reserved 1056768K
  class space    used 305K, committed 384K, reserved 1048576K
}
Event: 11791.749 GC heap after
{Heap after GC invocations=101 (full 0):
 garbage-first heap   total 71680K, used 533K [0x00000000c7000000, 0x0000000100000000)
  region size 1024K, 1 young (1024K), 1 survivors (1024K)
 Metaspace       used 3932K, committed 4096K, reserved 1056768K
  class space    used 305K, committed 384K, reserved 1048576K
}
Event: 11812.278 GC heap before
{Heap before GC invocations=101 (full 0):
 garbage-first heap   total 71680K, used 2581K [0x00000000c7000000, 0x0000000100000000)
  region size 1024K, 3 young (3072K), 1 survivors (1024K)
 Metaspace       used 3932K, committed 4096K, reserved 1056768K
  class space    used 305K, committed 384K, reserved 1048576K
}

